30-Sep-2019 16:55:01.748 SEVERE [main] org.apache.catalina.startup.Catalina.initDirs Cannot find specified temporary folder at /opt/tomcat-m/instances/8081_user/temp
30-Sep-2019 16:55:02.162 INFO [main] org.apache.catalina.startup.VersionLoggerListener.log Server version:        Apache Tomcat/8.0.27
30-Sep-2019 16:55:02.162 INFO [main] org.apache.catalina.startup.VersionLoggerListener.log Server built:          Sep 28 2015 08:17:25 UTC
30-Sep-2019 16:55:02.162 INFO [main] org.apache.catalina.startup.VersionLoggerListener.log Server number:         8.0.27.0
30-Sep-2019 16:55:02.163 INFO [main] org.apache.catalina.startup.VersionLoggerListener.log OS Name:               Linux
30-Sep-2019 16:55:02.163 INFO [main] org.apache.catalina.startup.VersionLoggerListener.log OS Version:            3.10.0-957.5.1.el7.x86_64
30-Sep-2019 16:55:02.163 INFO [main] org.apache.catalina.startup.VersionLoggerListener.log Architecture:          amd64
30-Sep-2019 16:55:02.163 INFO [main] org.apache.catalina.startup.VersionLoggerListener.log Java Home:             /usr/java/jdk1.8.0_121/jre
30-Sep-2019 16:55:02.163 INFO [main] org.apache.catalina.startup.VersionLoggerListener.log JVM Version:           1.8.0_121-b13
30-Sep-2019 16:55:02.163 INFO [main] org.apache.catalina.startup.VersionLoggerListener.log JVM Vendor:            Oracle Corporation
30-Sep-2019 16:55:02.163 INFO [main] org.apache.catalina.startup.VersionLoggerListener.log CATALINA_BASE:         /opt/tomcat-m/instances/8081_user
30-Sep-2019 16:55:02.163 INFO [main] org.apache.catalina.startup.VersionLoggerListener.log CATALINA_HOME:         /opt/tomcat-m/tomcat-8.0.27
30-Sep-2019 16:55:02.163 INFO [main] org.apache.catalina.startup.VersionLoggerListener.log Command line argument: -Djava.util.logging.config.file=/opt/tomcat-m/instances/8081_user/conf/logging.properties
30-Sep-2019 16:55:02.163 INFO [main] org.apache.catalina.startup.VersionLoggerListener.log Command line argument: -Djava.util.logging.manager=org.apache.juli.ClassLoaderLogManager
30-Sep-2019 16:55:02.163 INFO [main] org.apache.catalina.startup.VersionLoggerListener.log Command line argument: -Xms100m
30-Sep-2019 16:55:02.164 INFO [main] org.apache.catalina.startup.VersionLoggerListener.log Command line argument: -Xmx200m
30-Sep-2019 16:55:02.164 INFO [main] org.apache.catalina.startup.VersionLoggerListener.log Command line argument: -Djava.endorsed.dirs=/opt/tomcat-m/tomcat/endorsed
30-Sep-2019 16:55:02.164 INFO [main] org.apache.catalina.startup.VersionLoggerListener.log Command line argument: -Dcatalina.base=/opt/tomcat-m/instances/8081_user
30-Sep-2019 16:55:02.164 INFO [main] org.apache.catalina.startup.VersionLoggerListener.log Command line argument: -Dcatalina.home=/opt/tomcat-m/tomcat
30-Sep-2019 16:55:02.164 INFO [main] org.apache.catalina.startup.VersionLoggerListener.log Command line argument: -Djava.io.tmpdir=/opt/tomcat-m/instances/8081_user/temp
30-Sep-2019 16:55:02.164 INFO [main] org.apache.catalina.core.AprLifecycleListener.lifecycleEvent The APR based Apache Tomcat Native library which allows optimal performance in production environments was not found on the java.library.path: /usr/java/packages/lib/amd64:/usr/lib64:/lib64:/lib:/usr/lib
30-Sep-2019 16:55:02.331 INFO [main] org.apache.coyote.AbstractProtocol.init Initializing ProtocolHandler ["http-nio-8081"]
30-Sep-2019 16:55:02.348 INFO [main] org.apache.tomcat.util.net.NioSelectorPool.getSharedSelector Using a shared selector for servlet write/read
30-Sep-2019 16:55:02.351 INFO [main] org.apache.coyote.AbstractProtocol.init Initializing ProtocolHandler ["ajp-nio-9081"]
30-Sep-2019 16:55:02.364 INFO [main] org.apache.tomcat.util.net.NioSelectorPool.getSharedSelector Using a shared selector for servlet write/read
30-Sep-2019 16:55:02.367 INFO [main] org.apache.catalina.startup.Catalina.load Initialization processed in 619 ms
30-Sep-2019 16:55:02.388 INFO [main] org.apache.catalina.core.StandardService.startInternal Starting service Catalina
30-Sep-2019 16:55:02.388 INFO [main] org.apache.catalina.core.StandardEngine.startInternal Starting Servlet Engine: Apache Tomcat/8.0.27
30-Sep-2019 16:55:02.396 INFO [main] org.apache.coyote.AbstractProtocol.start Starting ProtocolHandler ["http-nio-8081"]
30-Sep-2019 16:55:02.404 INFO [main] org.apache.coyote.AbstractProtocol.start Starting ProtocolHandler ["ajp-nio-9081"]
30-Sep-2019 16:55:02.406 INFO [main] org.apache.catalina.startup.Catalina.start Server startup in 38 ms
30-Sep-2019 17:07:34.290 INFO [main] org.apache.catalina.core.StandardServer.await A valid shutdown command was received via the shutdown port. Stopping the Server instance.
30-Sep-2019 17:07:34.291 INFO [main] org.apache.coyote.AbstractProtocol.pause Pausing ProtocolHandler ["http-nio-8081"]
30-Sep-2019 17:07:34.343 INFO [main] org.apache.coyote.AbstractProtocol.pause Pausing ProtocolHandler ["ajp-nio-9081"]
30-Sep-2019 17:07:34.394 INFO [main] org.apache.catalina.core.StandardService.stopInternal Stopping service Catalina
30-Sep-2019 17:07:34.396 INFO [main] org.apache.coyote.AbstractProtocol.stop Stopping ProtocolHandler ["http-nio-8081"]
30-Sep-2019 17:07:34.397 INFO [main] org.apache.coyote.AbstractProtocol.stop Stopping ProtocolHandler ["ajp-nio-9081"]
30-Sep-2019 17:07:34.398 INFO [main] org.apache.coyote.AbstractProtocol.destroy Destroying ProtocolHandler ["http-nio-8081"]
30-Sep-2019 17:07:34.399 INFO [main] org.apache.coyote.AbstractProtocol.destroy Destroying ProtocolHandler ["ajp-nio-9081"]
